<?xml version="1.0" encoding="UTF-8"?>
<!-- Generated by org.testng.reporters.JUnitXMLReporter -->
<testsuite ignored="4" hostname="Jemy" failures="0" tests="3" name="Regression Test" time="14.695" errors="0" timestamp="2024-04-21T22:11:13 EET">
  <testcase classname="tests.EgyptValidationTest" name="choseContry" time="4.503"/>
  <testcase classname="tests.JordanValidationTest" name="choseContry" time="5.797"/>
  <testcase classname="tests.UaeValidationTest" name="choseContry" time="4.245"/>
  <testcase classname="tests.TestBase" name="@BeforeSuite startWebBrowser" time="0.0">
    <ignored/>
  </testcase> <!-- @BeforeSuite startWebBrowser -->
  <testcase classname="tests.TestBase" name="@AfterSuite stopBrowser" time="0.0">
    <ignored/>
  </testcase> <!-- @AfterSuite stopBrowser -->
  <testcase classname="tests.TestBase" name="@BeforeSuite startWebBrowser" time="0.0">
    <ignored/>
  </testcase> <!-- @BeforeSuite startWebBrowser -->
  <testcase classname="tests.TestBase" name="@AfterSuite stopBrowser" time="0.0">
    <ignored/>
  </testcase> <!-- @AfterSuite stopBrowser -->
</testsuite> <!-- Regression Test -->
